{"/home/runner/work/EASV-2nd-SSD-final-exam/EASV-2nd-SSD-final-exam/financial-advisor-nest-js/src/app.controller.ts": {"path":"/home/runner/work/EASV-2nd-SSD-final-exam/EASV-2nd-SSD-final-exam/financial-advisor-nest-js/src/app.controller.ts","statementMap":{"0":{"start":{"line":1,"column":0},"end":{"line":1,"column":49}},"1":{"start":{"line":2,"column":0},"end":{"line":2,"column":69}},"2":{"start":{"line":3,"column":0},"end":{"line":3,"column":43}},"3":{"start":{"line":7,"column":7},"end":{"line":23,"column":null}},"4":{"start":{"line":8,"column":31},"end":{"line":8,"column":43}},"5":{"start":{"line":21,"column":4},"end":{"line":21,"column":38}},"6":{"start":{"line":7,"column":13},"end":{"line":7,"column":26}},"7":{"start":{"line":20,"column":2},"end":{"line":22,"column":null}},"8":{"start":{"line":7,"column":13},"end":{"line":23,"column":null}}},"fnMap":{"0":{"name":"(anonymous_2)","decl":{"start":{"line":8,"column":2},"end":{"line":8,"column":31}},"loc":{"start":{"line":8,"column":53},"end":{"line":8,"column":57}}},"1":{"name":"(anonymous_3)","decl":{"start":{"line":20,"column":2},"end":{"line":20,"column":10}},"loc":{"start":{"line":20,"column":10},"end":{"line":22,"column":3}}}},"branchMap":{},"s":{"0":1,"1":1,"2":1,"3":1,"4":1,"5":1,"6":1,"7":1,"8":1},"f":{"0":1,"1":1},"b":{}}
,"/home/runner/work/EASV-2nd-SSD-final-exam/EASV-2nd-SSD-final-exam/financial-advisor-nest-js/src/app.module.ts": {"path":"/home/runner/work/EASV-2nd-SSD-final-exam/EASV-2nd-SSD-final-exam/financial-advisor-nest-js/src/app.module.ts","statementMap":{"0":{"start":{"line":1,"column":0},"end":{"line":1,"column":40}},"1":{"start":{"line":2,"column":0},"end":{"line":2,"column":49}},"2":{"start":{"line":3,"column":0},"end":{"line":3,"column":43}},"3":{"start":{"line":4,"column":0},"end":{"line":4,"column":75}},"4":{"start":{"line":5,"column":0},"end":{"line":5,"column":78}},"5":{"start":{"line":6,"column":0},"end":{"line":6,"column":84}},"6":{"start":{"line":35,"column":7},"end":{"line":35,"column":null}},"7":{"start":{"line":35,"column":13},"end":{"line":35,"column":22}},"8":{"start":{"line":35,"column":13},"end":{"line":35,"column":null}}},"fnMap":{},"branchMap":{},"s":{"0":0,"1":0,"2":0,"3":0,"4":0,"5":0,"6":0,"7":0,"8":0},"f":{},"b":{}}
,"/home/runner/work/EASV-2nd-SSD-final-exam/EASV-2nd-SSD-final-exam/financial-advisor-nest-js/src/app.service.ts": {"path":"/home/runner/work/EASV-2nd-SSD-final-exam/EASV-2nd-SSD-final-exam/financial-advisor-nest-js/src/app.service.ts","statementMap":{"0":{"start":{"line":1,"column":0},"end":{"line":1,"column":44}},"1":{"start":{"line":4,"column":7},"end":{"line":8,"column":null}},"2":{"start":{"line":6,"column":4},"end":{"line":6,"column":26}},"3":{"start":{"line":4,"column":13},"end":{"line":4,"column":23}},"4":{"start":{"line":4,"column":13},"end":{"line":8,"column":null}}},"fnMap":{"0":{"name":"(anonymous_1)","decl":{"start":{"line":5,"column":2},"end":{"line":5,"column":10}},"loc":{"start":{"line":5,"column":10},"end":{"line":7,"column":3}}}},"branchMap":{},"s":{"0":1,"1":1,"2":1,"3":1,"4":1},"f":{"0":1},"b":{}}
,"/home/runner/work/EASV-2nd-SSD-final-exam/EASV-2nd-SSD-final-exam/financial-advisor-nest-js/src/main.ts": {"path":"/home/runner/work/EASV-2nd-SSD-final-exam/EASV-2nd-SSD-final-exam/financial-advisor-nest-js/src/main.ts","statementMap":{"0":{"start":{"line":1,"column":0},"end":{"line":1,"column":43}},"1":{"start":{"line":2,"column":0},"end":{"line":2,"column":41}},"2":{"start":{"line":3,"column":0},"end":{"line":3,"column":65}},"3":{"start":{"line":6,"column":14},"end":{"line":6,"column":49}},"4":{"start":{"line":9,"column":17},"end":{"line":17,"column":12}},"5":{"start":{"line":19,"column":19},"end":{"line":19,"column":60}},"6":{"start":{"line":20,"column":2},"end":{"line":20,"column":44}},"7":{"start":{"line":22,"column":2},"end":{"line":22,"column":45}},"8":{"start":{"line":24,"column":0},"end":{"line":24,"column":12}}},"fnMap":{"0":{"name":"bootstrap","decl":{"start":{"line":5,"column":15},"end":{"line":5,"column":24}},"loc":{"start":{"line":5,"column":24},"end":{"line":23,"column":1}}}},"branchMap":{"0":{"loc":{"start":{"line":22,"column":19},"end":{"line":22,"column":43}},"type":"binary-expr","locations":[{"start":{"line":22,"column":19},"end":{"line":22,"column":35}},{"start":{"line":22,"column":39},"end":{"line":22,"column":43}}]}},"s":{"0":0,"1":0,"2":0,"3":0,"4":0,"5":0,"6":0,"7":0,"8":0},"f":{"0":0},"b":{"0":[0,0]}}
,"/home/runner/work/EASV-2nd-SSD-final-exam/EASV-2nd-SSD-final-exam/financial-advisor-nest-js/src/application/summation/summation.controller.ts": {"path":"/home/runner/work/EASV-2nd-SSD-final-exam/EASV-2nd-SSD-final-exam/financial-advisor-nest-js/src/application/summation/summation.controller.ts","statementMap":{"0":{"start":{"line":1,"column":0},"end":{"line":1,"column":56}},"1":{"start":{"line":2,"column":0},"end":{"line":2,"column":79}},"2":{"start":{"line":3,"column":0},"end":{"line":3,"column":55}},"3":{"start":{"line":4,"column":0},"end":{"line":4,"column":48}},"4":{"start":{"line":5,"column":0},"end":{"line":5,"column":45}},"5":{"start":{"line":6,"column":0},"end":{"line":6,"column":64}},"6":{"start":{"line":10,"column":7},"end":{"line":163,"column":null}},"7":{"start":{"line":11,"column":31},"end":{"line":11,"column":49}},"8":{"start":{"line":56,"column":4},"end":{"line":61,"column":7}},"9":{"start":{"line":106,"column":4},"end":{"line":111,"column":7}},"10":{"start":{"line":156,"column":4},"end":{"line":161,"column":7}},"11":{"start":{"line":10,"column":13},"end":{"line":10,"column":32}},"12":{"start":{"line":50,"column":8},"end":{"line":62,"column":null}},"13":{"start":{"line":100,"column":8},"end":{"line":112,"column":null}},"14":{"start":{"line":150,"column":8},"end":{"line":162,"column":null}},"15":{"start":{"line":10,"column":13},"end":{"line":163,"column":null}}},"fnMap":{"0":{"name":"(anonymous_4)","decl":{"start":{"line":11,"column":2},"end":{"line":11,"column":31}},"loc":{"start":{"line":11,"column":65},"end":{"line":11,"column":69}}},"1":{"name":"(anonymous_5)","decl":{"start":{"line":50,"column":2},"end":{"line":50,"column":7}},"loc":{"start":{"line":54,"column":38},"end":{"line":62,"column":3}}},"2":{"name":"(anonymous_6)","decl":{"start":{"line":100,"column":2},"end":{"line":100,"column":7}},"loc":{"start":{"line":104,"column":38},"end":{"line":112,"column":3}}},"3":{"name":"(anonymous_7)","decl":{"start":{"line":150,"column":2},"end":{"line":150,"column":7}},"loc":{"start":{"line":154,"column":38},"end":{"line":162,"column":3}}}},"branchMap":{"0":{"loc":{"start":{"line":59,"column":17},"end":{"line":59,"column":60}},"type":"cond-expr","locations":[{"start":{"line":59,"column":29},"end":{"line":59,"column":48}},{"start":{"line":59,"column":51},"end":{"line":59,"column":60}}]},"1":{"loc":{"start":{"line":60,"column":15},"end":{"line":60,"column":54}},"type":"cond-expr","locations":[{"start":{"line":60,"column":25},"end":{"line":60,"column":42}},{"start":{"line":60,"column":45},"end":{"line":60,"column":54}}]},"2":{"loc":{"start":{"line":109,"column":17},"end":{"line":109,"column":60}},"type":"cond-expr","locations":[{"start":{"line":109,"column":29},"end":{"line":109,"column":48}},{"start":{"line":109,"column":51},"end":{"line":109,"column":60}}]},"3":{"loc":{"start":{"line":110,"column":15},"end":{"line":110,"column":54}},"type":"cond-expr","locations":[{"start":{"line":110,"column":25},"end":{"line":110,"column":42}},{"start":{"line":110,"column":45},"end":{"line":110,"column":54}}]},"4":{"loc":{"start":{"line":159,"column":17},"end":{"line":159,"column":60}},"type":"cond-expr","locations":[{"start":{"line":159,"column":29},"end":{"line":159,"column":48}},{"start":{"line":159,"column":51},"end":{"line":159,"column":60}}]},"5":{"loc":{"start":{"line":160,"column":15},"end":{"line":160,"column":54}},"type":"cond-expr","locations":[{"start":{"line":160,"column":25},"end":{"line":160,"column":42}},{"start":{"line":160,"column":45},"end":{"line":160,"column":54}}]}},"s":{"0":0,"1":0,"2":0,"3":0,"4":0,"5":0,"6":0,"7":0,"8":0,"9":0,"10":0,"11":0,"12":0,"13":0,"14":0,"15":0},"f":{"0":0,"1":0,"2":0,"3":0},"b":{"0":[0,0],"1":[0,0],"2":[0,0],"3":[0,0],"4":[0,0],"5":[0,0]}}
,"/home/runner/work/EASV-2nd-SSD-final-exam/EASV-2nd-SSD-final-exam/financial-advisor-nest-js/src/application/summation/summation.module.ts": {"path":"/home/runner/work/EASV-2nd-SSD-final-exam/EASV-2nd-SSD-final-exam/financial-advisor-nest-js/src/application/summation/summation.module.ts","statementMap":{"0":{"start":{"line":1,"column":0},"end":{"line":1,"column":40}},"1":{"start":{"line":2,"column":0},"end":{"line":2,"column":82}},"2":{"start":{"line":3,"column":0},"end":{"line":3,"column":55}},"3":{"start":{"line":4,"column":0},"end":{"line":4,"column":61}},"4":{"start":{"line":24,"column":7},"end":{"line":24,"column":null}},"5":{"start":{"line":24,"column":13},"end":{"line":24,"column":28}},"6":{"start":{"line":24,"column":13},"end":{"line":24,"column":null}}},"fnMap":{},"branchMap":{},"s":{"0":0,"1":0,"2":0,"3":0,"4":0,"5":0,"6":0},"f":{},"b":{}}
,"/home/runner/work/EASV-2nd-SSD-final-exam/EASV-2nd-SSD-final-exam/financial-advisor-nest-js/src/application/summation/summation.service.ts": {"path":"/home/runner/work/EASV-2nd-SSD-final-exam/EASV-2nd-SSD-final-exam/financial-advisor-nest-js/src/application/summation/summation.service.ts","statementMap":{"0":{"start":{"line":1,"column":0},"end":{"line":1,"column":52}},"1":{"start":{"line":5,"column":0},"end":{"line":5,"column":48}},"2":{"start":{"line":6,"column":0},"end":{"line":6,"column":45}},"3":{"start":{"line":9,"column":7},"end":{"line":267,"column":null}},"4":{"start":{"line":12,"column":21},"end":{"line":12,"column":53}},"5":{"start":{"line":21,"column":22},"end":{"line":21,"column":46}},"6":{"start":{"line":22,"column":25},"end":{"line":24,"column":null}},"7":{"start":{"line":27,"column":20},"end":{"line":27,"column":50}},"8":{"start":{"line":28,"column":4},"end":{"line":28,"column":51}},"9":{"start":{"line":37,"column":22},"end":{"line":37,"column":46}},"10":{"start":{"line":38,"column":25},"end":{"line":40,"column":null}},"11":{"start":{"line":43,"column":31},"end":{"line":44,"column":null}},"12":{"start":{"line":44,"column":23},"end":{"line":44,"column":45}},"13":{"start":{"line":46,"column":20},"end":{"line":46,"column":50}},"14":{"start":{"line":47,"column":4},"end":{"line":47,"column":57}},"15":{"start":{"line":56,"column":22},"end":{"line":56,"column":46}},"16":{"start":{"line":57,"column":25},"end":{"line":59,"column":null}},"17":{"start":{"line":62,"column":32},"end":{"line":63,"column":null}},"18":{"start":{"line":63,"column":23},"end":{"line":63,"column":45}},"19":{"start":{"line":65,"column":20},"end":{"line":65,"column":50}},"20":{"start":{"line":66,"column":4},"end":{"line":66,"column":58}},"21":{"start":{"line":76,"column":20},"end":{"line":76,"column":62}},"22":{"start":{"line":78,"column":4},"end":{"line":84,"column":7}},"23":{"start":{"line":79,"column":18},"end":{"line":79,"column":62}},"24":{"start":{"line":80,"column":6},"end":{"line":82,"column":7}},"25":{"start":{"line":81,"column":8},"end":{"line":81,"column":29}},"26":{"start":{"line":83,"column":6},"end":{"line":83,"column":42}},"27":{"start":{"line":86,"column":4},"end":{"line":95,"column":7}},"28":{"start":{"line":87,"column":20},"end":{"line":87,"column":57}},"29":{"start":{"line":87,"column":50},"end":{"line":87,"column":56}},"30":{"start":{"line":88,"column":6},"end":{"line":94,"column":8}},"31":{"start":{"line":90,"column":53},"end":{"line":90,"column":67}},"32":{"start":{"line":92,"column":57},"end":{"line":92,"column":68}},"33":{"start":{"line":93,"column":55},"end":{"line":93,"column":66}},"34":{"start":{"line":102,"column":17},"end":{"line":102,"column":35}},"35":{"start":{"line":103,"column":18},"end":{"line":103,"column":62}},"36":{"start":{"line":104,"column":16},"end":{"line":104,"column":55}},"37":{"start":{"line":106,"column":4},"end":{"line":123,"column":5}},"38":{"start":{"line":108,"column":8},"end":{"line":108,"column":41}},"39":{"start":{"line":111,"column":27},"end":{"line":111,"column":51}},"40":{"start":{"line":112,"column":8},"end":{"line":112,"column":65}},"41":{"start":{"line":116,"column":8},"end":{"line":116,"column":34}},"42":{"start":{"line":119,"column":8},"end":{"line":119,"column":25}},"43":{"start":{"line":122,"column":8},"end":{"line":122,"column":53}},"44":{"start":{"line":130,"column":14},"end":{"line":131,"column":null}},"45":{"start":{"line":133,"column":19},"end":{"line":133,"column":37}},"46":{"start":{"line":134,"column":4},"end":{"line":134,"column":46}},"47":{"start":{"line":135,"column":22},"end":{"line":135,"column":66}},"48":{"start":{"line":136,"column":4},"end":{"line":136,"column":79}},"49":{"start":{"line":146,"column":4},"end":{"line":148,"column":5}},"50":{"start":{"line":147,"column":6},"end":{"line":147,"column":51}},"51":{"start":{"line":150,"column":4},"end":{"line":153,"column":6}},"52":{"start":{"line":163,"column":16},"end":{"line":163,"column":26}},"53":{"start":{"line":164,"column":18},"end":{"line":164,"column":76}},"54":{"start":{"line":165,"column":20},"end":{"line":172,"column":null}},"55":{"start":{"line":175,"column":4},"end":{"line":265,"column":5}},"56":{"start":{"line":177,"column":8},"end":{"line":180,"column":10}},"57":{"start":{"line":184,"column":26},"end":{"line":184,"column":41}},"58":{"start":{"line":185,"column":8},"end":{"line":185,"column":51}},"59":{"start":{"line":186,"column":29},"end":{"line":186,"column":48}},"60":{"start":{"line":187,"column":8},"end":{"line":187,"column":47}},"61":{"start":{"line":188,"column":8},"end":{"line":191,"column":10}},"62":{"start":{"line":195,"column":26},"end":{"line":195,"column":40}},"63":{"start":{"line":196,"column":28},"end":{"line":196,"column":43}},"64":{"start":{"line":197,"column":8},"end":{"line":199,"column":10}},"65":{"start":{"line":200,"column":8},"end":{"line":203,"column":10}},"66":{"start":{"line":207,"column":26},"end":{"line":207,"column":40}},"67":{"start":{"line":208,"column":32},"end":{"line":208,"column":47}},"68":{"start":{"line":209,"column":8},"end":{"line":209,"column":65}},"69":{"start":{"line":210,"column":30},"end":{"line":210,"column":55}},"70":{"start":{"line":211,"column":8},"end":{"line":211,"column":59}},"71":{"start":{"line":212,"column":8},"end":{"line":212,"column":48}},"72":{"start":{"line":213,"column":8},"end":{"line":216,"column":10}},"73":{"start":{"line":220,"column":29},"end":{"line":220,"column":79}},"74":{"start":{"line":221,"column":8},"end":{"line":224,"column":10}},"75":{"start":{"line":228,"column":33},"end":{"line":231,"column":null}},"76":{"start":{"line":233,"column":31},"end":{"line":236,"column":null}},"77":{"start":{"line":238,"column":8},"end":{"line":238,"column":49}},"78":{"start":{"line":239,"column":8},"end":{"line":242,"column":10}},"79":{"start":{"line":246,"column":28},"end":{"line":246,"column":63}},"80":{"start":{"line":247,"column":8},"end":{"line":250,"column":10}},"81":{"start":{"line":254,"column":32},"end":{"line":254,"column":71}},"82":{"start":{"line":255,"column":30},"end":{"line":255,"column":71}},"83":{"start":{"line":256,"column":8},"end":{"line":256,"column":48}},"84":{"start":{"line":257,"column":8},"end":{"line":260,"column":10}},"85":{"start":{"line":264,"column":8},"end":{"line":264,"column":52}},"86":{"start":{"line":9,"column":13},"end":{"line":9,"column":29}},"87":{"start":{"line":9,"column":13},"end":{"line":267,"column":null}}},"fnMap":{"0":{"name":"(anonymous_4)","decl":{"start":{"line":10,"column":2},"end":{"line":10,"column":null}},"loc":{"start":{"line":12,"column":53},"end":{"line":13,"column":6}}},"1":{"name":"(anonymous_5)","decl":{"start":{"line":18,"column":2},"end":{"line":18,"column":7}},"loc":{"start":{"line":19,"column":28},"end":{"line":29,"column":3}}},"2":{"name":"(anonymous_6)","decl":{"start":{"line":34,"column":2},"end":{"line":34,"column":7}},"loc":{"start":{"line":35,"column":28},"end":{"line":48,"column":3}}},"3":{"name":"(anonymous_7)","decl":{"start":{"line":44,"column":6},"end":{"line":44,"column":7}},"loc":{"start":{"line":44,"column":23},"end":{"line":44,"column":45}}},"4":{"name":"(anonymous_8)","decl":{"start":{"line":53,"column":2},"end":{"line":53,"column":7}},"loc":{"start":{"line":54,"column":28},"end":{"line":67,"column":3}}},"5":{"name":"(anonymous_9)","decl":{"start":{"line":63,"column":6},"end":{"line":63,"column":7}},"loc":{"start":{"line":63,"column":23},"end":{"line":63,"column":45}}},"6":{"name":"(anonymous_10)","decl":{"start":{"line":72,"column":10},"end":{"line":72,"column":21}},"loc":{"start":{"line":74,"column":20},"end":{"line":96,"column":3}}},"7":{"name":"(anonymous_11)","decl":{"start":{"line":78,"column":25},"end":{"line":78,"column":26}},"loc":{"start":{"line":78,"column":41},"end":{"line":84,"column":5}}},"8":{"name":"(anonymous_12)","decl":{"start":{"line":86,"column":45},"end":{"line":86,"column":46}},"loc":{"start":{"line":86,"column":78},"end":{"line":95,"column":5}}},"9":{"name":"(anonymous_13)","decl":{"start":{"line":87,"column":43},"end":{"line":87,"column":44}},"loc":{"start":{"line":87,"column":50},"end":{"line":87,"column":56}}},"10":{"name":"(anonymous_14)","decl":{"start":{"line":90,"column":41},"end":{"line":90,"column":42}},"loc":{"start":{"line":90,"column":53},"end":{"line":90,"column":67}}},"11":{"name":"(anonymous_15)","decl":{"start":{"line":92,"column":50},"end":{"line":92,"column":51}},"loc":{"start":{"line":92,"column":57},"end":{"line":92,"column":68}}},"12":{"name":"(anonymous_16)","decl":{"start":{"line":93,"column":48},"end":{"line":93,"column":49}},"loc":{"start":{"line":93,"column":55},"end":{"line":93,"column":66}}},"13":{"name":"(anonymous_17)","decl":{"start":{"line":101,"column":10},"end":{"line":101,"column":22}},"loc":{"start":{"line":101,"column":51},"end":{"line":124,"column":3}}},"14":{"name":"(anonymous_18)","decl":{"start":{"line":129,"column":10},"end":{"line":129,"column":23}},"loc":{"start":{"line":129,"column":34},"end":{"line":137,"column":3}}},"15":{"name":"(anonymous_19)","decl":{"start":{"line":142,"column":10},"end":{"line":142,"column":22}},"loc":{"start":{"line":142,"column":47},"end":{"line":154,"column":3}}},"16":{"name":"(anonymous_20)","decl":{"start":{"line":159,"column":10},"end":{"line":159,"column":28}},"loc":{"start":{"line":159,"column":43},"end":{"line":266,"column":3}}}},"branchMap":{"0":{"loc":{"start":{"line":27,"column":20},"end":{"line":27,"column":50}},"type":"binary-expr","locations":[{"start":{"line":27,"column":20},"end":{"line":27,"column":33}},{"start":{"line":27,"column":37},"end":{"line":27,"column":50}}]},"1":{"loc":{"start":{"line":46,"column":20},"end":{"line":46,"column":50}},"type":"binary-expr","locations":[{"start":{"line":46,"column":20},"end":{"line":46,"column":33}},{"start":{"line":46,"column":37},"end":{"line":46,"column":50}}]},"2":{"loc":{"start":{"line":65,"column":20},"end":{"line":65,"column":50}},"type":"binary-expr","locations":[{"start":{"line":65,"column":20},"end":{"line":65,"column":33}},{"start":{"line":65,"column":37},"end":{"line":65,"column":50}}]},"3":{"loc":{"start":{"line":80,"column":6},"end":{"line":82,"column":7}},"type":"if","locations":[{"start":{"line":80,"column":6},"end":{"line":82,"column":7}}]},"4":{"loc":{"start":{"line":106,"column":4},"end":{"line":123,"column":5}},"type":"switch","locations":[{"start":{"line":107,"column":6},"end":{"line":108,"column":41}},{"start":{"line":110,"column":6},"end":{"line":113,"column":7}},{"start":{"line":115,"column":6},"end":{"line":116,"column":34}},{"start":{"line":118,"column":6},"end":{"line":119,"column":25}},{"start":{"line":121,"column":6},"end":{"line":122,"column":53}}]},"5":{"loc":{"start":{"line":133,"column":19},"end":{"line":133,"column":37}},"type":"binary-expr","locations":[{"start":{"line":133,"column":19},"end":{"line":133,"column":32}},{"start":{"line":133,"column":36},"end":{"line":133,"column":37}}]},"6":{"loc":{"start":{"line":146,"column":4},"end":{"line":148,"column":5}},"type":"if","locations":[{"start":{"line":146,"column":4},"end":{"line":148,"column":5}}]},"7":{"loc":{"start":{"line":151,"column":17},"end":{"line":151,"column":47}},"type":"binary-expr","locations":[{"start":{"line":151,"column":17},"end":{"line":151,"column":32}},{"start":{"line":151,"column":36},"end":{"line":151,"column":47}}]},"8":{"loc":{"start":{"line":152,"column":15},"end":{"line":152,"column":42}},"type":"binary-expr","locations":[{"start":{"line":152,"column":15},"end":{"line":152,"column":28}},{"start":{"line":152,"column":32},"end":{"line":152,"column":42}}]},"9":{"loc":{"start":{"line":175,"column":4},"end":{"line":265,"column":5}},"type":"switch","locations":[{"start":{"line":176,"column":6},"end":{"line":181,"column":7}},{"start":{"line":183,"column":6},"end":{"line":192,"column":7}},{"start":{"line":194,"column":6},"end":{"line":204,"column":7}},{"start":{"line":206,"column":6},"end":{"line":217,"column":7}},{"start":{"line":219,"column":6},"end":{"line":225,"column":7}},{"start":{"line":227,"column":6},"end":{"line":243,"column":7}},{"start":{"line":245,"column":6},"end":{"line":251,"column":7}},{"start":{"line":253,"column":6},"end":{"line":261,"column":7}},{"start":{"line":263,"column":6},"end":{"line":264,"column":52}}]},"10":{"loc":{"start":{"line":198,"column":41},"end":{"line":198,"column":65}},"type":"cond-expr","locations":[{"start":{"line":198,"column":59},"end":{"line":198,"column":61}},{"start":{"line":198,"column":64},"end":{"line":198,"column":65}}]}},"s":{"0":1,"1":1,"2":1,"3":1,"4":57,"5":3,"6":3,"7":3,"8":3,"9":0,"10":0,"11":0,"12":0,"13":0,"14":0,"15":0,"16":0,"17":0,"18":0,"19":0,"20":0,"21":3,"22":3,"23":8,"24":8,"25":4,"26":8,"27":3,"28":4,"29":8,"30":4,"31":8,"32":8,"33":8,"34":8,"35":8,"36":8,"37":8,"38":0,"39":0,"40":0,"41":8,"42":0,"43":0,"44":0,"45":0,"46":0,"47":0,"48":0,"49":3,"50":0,"51":3,"52":0,"53":0,"54":0,"55":0,"56":0,"57":0,"58":0,"59":0,"60":0,"61":0,"62":0,"63":0,"64":0,"65":0,"66":0,"67":0,"68":0,"69":0,"70":0,"71":0,"72":0,"73":0,"74":0,"75":0,"76":0,"77":0,"78":0,"79":0,"80":0,"81":0,"82":0,"83":0,"84":0,"85":0,"86":1,"87":1},"f":{"0":57,"1":3,"2":0,"3":0,"4":0,"5":0,"6":3,"7":8,"8":4,"9":8,"10":8,"11":8,"12":8,"13":8,"14":0,"15":3,"16":0},"b":{"0":[3,3],"1":[0,0],"2":[0,0],"3":[4],"4":[0,0,8,0,0],"5":[0,0],"6":[0],"7":[3,3],"8":[3,3],"9":[0,0,0,0,0,0,0,0,0],"10":[0,0]}}
,"/home/runner/work/EASV-2nd-SSD-final-exam/EASV-2nd-SSD-final-exam/financial-advisor-nest-js/src/application/summation/dto/summation-query.dto.ts": {"path":"/home/runner/work/EASV-2nd-SSD-final-exam/EASV-2nd-SSD-final-exam/financial-advisor-nest-js/src/application/summation/dto/summation-query.dto.ts","statementMap":{"0":{"start":{"line":1,"column":0},"end":{"line":1,"column":46}},"1":{"start":{"line":2,"column":0},"end":{"line":2,"column":67}},"2":{"start":{"line":3,"column":0},"end":{"line":3,"column":49}},"3":{"start":{"line":4,"column":0},"end":{"line":4,"column":46}},"4":{"start":{"line":6,"column":0},"end":{"line":6,"column":13}},"5":{"start":{"line":15,"column":2},"end":{"line":15,"column":null}},"6":{"start":{"line":26,"column":2},"end":{"line":26,"column":null}},"7":{"start":{"line":36,"column":2},"end":{"line":36,"column":null}},"8":{"start":{"line":46,"column":2},"end":{"line":46,"column":null}}},"fnMap":{},"branchMap":{},"s":{"0":0,"1":0,"2":0,"3":0,"4":0,"5":0,"6":0,"7":0,"8":0},"f":{},"b":{}}
,"/home/runner/work/EASV-2nd-SSD-final-exam/EASV-2nd-SSD-final-exam/financial-advisor-nest-js/src/application/summation/dto/summation-result.dto.ts": {"path":"/home/runner/work/EASV-2nd-SSD-final-exam/EASV-2nd-SSD-final-exam/financial-advisor-nest-js/src/application/summation/dto/summation-result.dto.ts","statementMap":{"0":{"start":{"line":1,"column":0},"end":{"line":1,"column":13}}},"fnMap":{},"branchMap":{},"s":{"0":0},"f":{},"b":{}}
,"/home/runner/work/EASV-2nd-SSD-final-exam/EASV-2nd-SSD-final-exam/financial-advisor-nest-js/src/application/summation/enums/group-by.enum.ts": {"path":"/home/runner/work/EASV-2nd-SSD-final-exam/EASV-2nd-SSD-final-exam/financial-advisor-nest-js/src/application/summation/enums/group-by.enum.ts","statementMap":{"0":{"start":{"line":1,"column":0},"end":{"line":1,"column":null}},"1":{"start":{"line":2,"column":2},"end":{"line":2,"column":null}},"2":{"start":{"line":3,"column":2},"end":{"line":3,"column":null}},"3":{"start":{"line":4,"column":2},"end":{"line":4,"column":null}},"4":{"start":{"line":5,"column":2},"end":{"line":5,"column":null}}},"fnMap":{"0":{"name":"(anonymous_0)","decl":{"start":{"line":1,"column":0},"end":{"line":1,"column":12}},"loc":{"start":{"line":1,"column":19},"end":{"line":6,"column":1}}}},"branchMap":{"0":{"loc":{"start":{"line":1,"column":12},"end":{"line":1,"column":null}},"type":"binary-expr","locations":[{"start":{"line":1,"column":12},"end":{"line":1,"column":19}},{"start":{"line":1,"column":19},"end":{"line":1,"column":null}}]}},"s":{"0":1,"1":1,"2":1,"3":1,"4":1},"f":{"0":1},"b":{"0":[1,1]}}
,"/home/runner/work/EASV-2nd-SSD-final-exam/EASV-2nd-SSD-final-exam/financial-advisor-nest-js/src/application/summation/enums/period.enum.ts": {"path":"/home/runner/work/EASV-2nd-SSD-final-exam/EASV-2nd-SSD-final-exam/financial-advisor-nest-js/src/application/summation/enums/period.enum.ts","statementMap":{"0":{"start":{"line":1,"column":0},"end":{"line":1,"column":null}},"1":{"start":{"line":2,"column":2},"end":{"line":2,"column":null}},"2":{"start":{"line":3,"column":2},"end":{"line":3,"column":null}},"3":{"start":{"line":4,"column":2},"end":{"line":4,"column":null}},"4":{"start":{"line":5,"column":2},"end":{"line":5,"column":null}},"5":{"start":{"line":6,"column":2},"end":{"line":6,"column":null}},"6":{"start":{"line":7,"column":2},"end":{"line":7,"column":null}},"7":{"start":{"line":8,"column":2},"end":{"line":8,"column":null}},"8":{"start":{"line":9,"column":2},"end":{"line":9,"column":null}}},"fnMap":{"0":{"name":"(anonymous_0)","decl":{"start":{"line":1,"column":0},"end":{"line":1,"column":12}},"loc":{"start":{"line":1,"column":18},"end":{"line":10,"column":1}}}},"branchMap":{"0":{"loc":{"start":{"line":1,"column":12},"end":{"line":1,"column":null}},"type":"binary-expr","locations":[{"start":{"line":1,"column":12},"end":{"line":1,"column":18}},{"start":{"line":1,"column":18},"end":{"line":1,"column":null}}]}},"s":{"0":1,"1":1,"2":1,"3":1,"4":1,"5":1,"6":1,"7":1,"8":1},"f":{"0":1},"b":{"0":[1,1]}}
,"/home/runner/work/EASV-2nd-SSD-final-exam/EASV-2nd-SSD-final-exam/financial-advisor-nest-js/src/application/transactions/transactions.controller.ts": {"path":"/home/runner/work/EASV-2nd-SSD-final-exam/EASV-2nd-SSD-final-exam/financial-advisor-nest-js/src/application/transactions/transactions.controller.ts","statementMap":{"0":{"start":{"line":1,"column":0},"end":{"line":1,"column":null}},"1":{"start":{"line":11,"column":0},"end":{"line":11,"column":69}},"2":{"start":{"line":12,"column":0},"end":{"line":12,"column":36}},"3":{"start":{"line":13,"column":0},"end":{"line":13,"column":61}},"4":{"start":{"line":14,"column":0},"end":{"line":14,"column":68}},"5":{"start":{"line":15,"column":0},"end":{"line":15,"column":68}},"6":{"start":{"line":16,"column":0},"end":{"line":16,"column":68}},"7":{"start":{"line":21,"column":7},"end":{"line":118,"column":null}},"8":{"start":{"line":22,"column":31},"end":{"line":22,"column":40}},"9":{"start":{"line":34,"column":37},"end":{"line":40,"column":6}},"10":{"start":{"line":42,"column":4},"end":{"line":42,"column":40}},"11":{"start":{"line":44,"column":4},"end":{"line":47,"column":6}},"12":{"start":{"line":58,"column":25},"end":{"line":58,"column":53}},"13":{"start":{"line":59,"column":4},"end":{"line":62,"column":8}},"14":{"start":{"line":59,"column":36},"end":{"line":62,"column":6}},"15":{"start":{"line":73,"column":24},"end":{"line":73,"column":55}},"16":{"start":{"line":74,"column":4},"end":{"line":76,"column":5}},"17":{"start":{"line":75,"column":6},"end":{"line":75,"column":73}},"18":{"start":{"line":77,"column":4},"end":{"line":80,"column":6}},"19":{"start":{"line":94,"column":45},"end":{"line":97,"column":6}},"20":{"start":{"line":99,"column":24},"end":{"line":99,"column":65}},"21":{"start":{"line":100,"column":4},"end":{"line":102,"column":5}},"22":{"start":{"line":101,"column":6},"end":{"line":101,"column":73}},"23":{"start":{"line":103,"column":4},"end":{"line":106,"column":6}},"24":{"start":{"line":113,"column":20},"end":{"line":113,"column":49}},"25":{"start":{"line":114,"column":4},"end":{"line":116,"column":5}},"26":{"start":{"line":115,"column":6},"end":{"line":115,"column":73}},"27":{"start":{"line":21,"column":13},"end":{"line":21,"column":35}},"28":{"start":{"line":31,"column":8},"end":{"line":48,"column":null}},"29":{"start":{"line":57,"column":8},"end":{"line":63,"column":null}},"30":{"start":{"line":72,"column":8},"end":{"line":81,"column":null}},"31":{"start":{"line":90,"column":8},"end":{"line":107,"column":null}},"32":{"start":{"line":112,"column":8},"end":{"line":117,"column":null}},"33":{"start":{"line":21,"column":13},"end":{"line":118,"column":null}}},"fnMap":{"0":{"name":"(anonymous_4)","decl":{"start":{"line":22,"column":2},"end":{"line":22,"column":31}},"loc":{"start":{"line":22,"column":59},"end":{"line":22,"column":63}}},"1":{"name":"(anonymous_5)","decl":{"start":{"line":31,"column":2},"end":{"line":31,"column":7}},"loc":{"start":{"line":32,"column":37},"end":{"line":48,"column":3}}},"2":{"name":"(anonymous_6)","decl":{"start":{"line":57,"column":2},"end":{"line":57,"column":7}},"loc":{"start":{"line":57,"column":15},"end":{"line":63,"column":3}}},"3":{"name":"(anonymous_7)","decl":{"start":{"line":59,"column":28},"end":{"line":59,"column":29}},"loc":{"start":{"line":59,"column":36},"end":{"line":62,"column":6}}},"4":{"name":"(anonymous_8)","decl":{"start":{"line":72,"column":2},"end":{"line":72,"column":7}},"loc":{"start":{"line":72,"column":39},"end":{"line":81,"column":3}}},"5":{"name":"(anonymous_9)","decl":{"start":{"line":90,"column":2},"end":{"line":90,"column":7}},"loc":{"start":{"line":92,"column":37},"end":{"line":107,"column":3}}},"6":{"name":"(anonymous_10)","decl":{"start":{"line":112,"column":2},"end":{"line":112,"column":7}},"loc":{"start":{"line":112,"column":38},"end":{"line":117,"column":3}}}},"branchMap":{"0":{"loc":{"start":{"line":74,"column":4},"end":{"line":76,"column":5}},"type":"if","locations":[{"start":{"line":74,"column":4},"end":{"line":76,"column":5}}]},"1":{"loc":{"start":{"line":96,"column":12},"end":{"line":96,"column":53}},"type":"cond-expr","locations":[{"start":{"line":96,"column":23},"end":{"line":96,"column":41}},{"start":{"line":96,"column":44},"end":{"line":96,"column":53}}]},"2":{"loc":{"start":{"line":100,"column":4},"end":{"line":102,"column":5}},"type":"if","locations":[{"start":{"line":100,"column":4},"end":{"line":102,"column":5}}]},"3":{"loc":{"start":{"line":114,"column":4},"end":{"line":116,"column":5}},"type":"if","locations":[{"start":{"line":114,"column":4},"end":{"line":116,"column":5}}]}},"s":{"0":1,"1":1,"2":1,"3":1,"4":1,"5":1,"6":1,"7":1,"8":19,"9":6,"10":6,"11":5,"12":3,"13":2,"14":2,"15":3,"16":2,"17":1,"18":1,"19":4,"20":4,"21":3,"22":1,"23":2,"24":3,"25":2,"26":1,"27":1,"28":1,"29":1,"30":1,"31":1,"32":1,"33":1},"f":{"0":19,"1":6,"2":3,"3":2,"4":3,"5":4,"6":3},"b":{"0":[1],"1":[1,3],"2":[1],"3":[1]}}
,"/home/runner/work/EASV-2nd-SSD-final-exam/EASV-2nd-SSD-final-exam/financial-advisor-nest-js/src/application/transactions/transactions.module.ts": {"path":"/home/runner/work/EASV-2nd-SSD-final-exam/EASV-2nd-SSD-final-exam/financial-advisor-nest-js/src/application/transactions/transactions.module.ts","statementMap":{"0":{"start":{"line":1,"column":0},"end":{"line":1,"column":40}},"1":{"start":{"line":2,"column":0},"end":{"line":2,"column":67}},"2":{"start":{"line":3,"column":0},"end":{"line":3,"column":61}},"3":{"start":{"line":4,"column":0},"end":{"line":4,"column":82}},"4":{"start":{"line":21,"column":7},"end":{"line":21,"column":null}},"5":{"start":{"line":21,"column":13},"end":{"line":21,"column":31}},"6":{"start":{"line":21,"column":13},"end":{"line":21,"column":null}}},"fnMap":{},"branchMap":{},"s":{"0":0,"1":0,"2":0,"3":0,"4":0,"5":0,"6":0},"f":{},"b":{}}
,"/home/runner/work/EASV-2nd-SSD-final-exam/EASV-2nd-SSD-final-exam/financial-advisor-nest-js/src/application/transactions/transactions.service.ts": {"path":"/home/runner/work/EASV-2nd-SSD-final-exam/EASV-2nd-SSD-final-exam/financial-advisor-nest-js/src/application/transactions/transactions.service.ts","statementMap":{"0":{"start":{"line":1,"column":0},"end":{"line":1,"column":52}},"1":{"start":{"line":6,"column":7},"end":{"line":34,"column":null}},"2":{"start":{"line":9,"column":21},"end":{"line":9,"column":54}},"3":{"start":{"line":13,"column":4},"end":{"line":13,"column":44}},"4":{"start":{"line":17,"column":4},"end":{"line":17,"column":37}},"5":{"start":{"line":21,"column":4},"end":{"line":21,"column":40}},"6":{"start":{"line":28,"column":4},"end":{"line":28,"column":44}},"7":{"start":{"line":32,"column":4},"end":{"line":32,"column":38}},"8":{"start":{"line":6,"column":13},"end":{"line":6,"column":32}},"9":{"start":{"line":6,"column":13},"end":{"line":34,"column":null}}},"fnMap":{"0":{"name":"(anonymous_4)","decl":{"start":{"line":7,"column":2},"end":{"line":7,"column":null}},"loc":{"start":{"line":9,"column":54},"end":{"line":10,"column":6}}},"1":{"name":"(anonymous_5)","decl":{"start":{"line":12,"column":2},"end":{"line":12,"column":7}},"loc":{"start":{"line":12,"column":36},"end":{"line":14,"column":3}}},"2":{"name":"(anonymous_6)","decl":{"start":{"line":16,"column":2},"end":{"line":16,"column":7}},"loc":{"start":{"line":16,"column":15},"end":{"line":18,"column":3}}},"3":{"name":"(anonymous_7)","decl":{"start":{"line":20,"column":2},"end":{"line":20,"column":7}},"loc":{"start":{"line":20,"column":27},"end":{"line":22,"column":3}}},"4":{"name":"(anonymous_8)","decl":{"start":{"line":24,"column":2},"end":{"line":24,"column":7}},"loc":{"start":{"line":26,"column":42},"end":{"line":29,"column":3}}},"5":{"name":"(anonymous_9)","decl":{"start":{"line":31,"column":2},"end":{"line":31,"column":7}},"loc":{"start":{"line":31,"column":25},"end":{"line":33,"column":3}}}},"branchMap":{},"s":{"0":2,"1":2,"2":15,"3":2,"4":3,"5":4,"6":3,"7":3,"8":2,"9":2},"f":{"0":15,"1":2,"2":3,"3":4,"4":3,"5":3},"b":{}}
,"/home/runner/work/EASV-2nd-SSD-final-exam/EASV-2nd-SSD-final-exam/financial-advisor-nest-js/src/application/transactions/dto/create-transaction.dto.ts": {"path":"/home/runner/work/EASV-2nd-SSD-final-exam/EASV-2nd-SSD-final-exam/financial-advisor-nest-js/src/application/transactions/dto/create-transaction.dto.ts","statementMap":{"0":{"start":{"line":1,"column":0},"end":{"line":1,"column":46}},"1":{"start":{"line":2,"column":0},"end":{"line":2,"column":73}},"2":{"start":{"line":4,"column":0},"end":{"line":4,"column":13}},"3":{"start":{"line":6,"column":2},"end":{"line":6,"column":null}},"4":{"start":{"line":9,"column":2},"end":{"line":9,"column":null}},"5":{"start":{"line":12,"column":2},"end":{"line":12,"column":null}},"6":{"start":{"line":15,"column":2},"end":{"line":15,"column":null}}},"fnMap":{},"branchMap":{},"s":{"0":1,"1":1,"2":1,"3":1,"4":1,"5":1,"6":1},"f":{},"b":{}}
,"/home/runner/work/EASV-2nd-SSD-final-exam/EASV-2nd-SSD-final-exam/financial-advisor-nest-js/src/application/transactions/dto/transaction-result.dto.ts": {"path":"/home/runner/work/EASV-2nd-SSD-final-exam/EASV-2nd-SSD-final-exam/financial-advisor-nest-js/src/application/transactions/dto/transaction-result.dto.ts","statementMap":{"0":{"start":{"line":3,"column":0},"end":{"line":3,"column":13}}},"fnMap":{},"branchMap":{},"s":{"0":1},"f":{},"b":{}}
,"/home/runner/work/EASV-2nd-SSD-final-exam/EASV-2nd-SSD-final-exam/financial-advisor-nest-js/src/application/transactions/dto/update-transaction.dto.ts": {"path":"/home/runner/work/EASV-2nd-SSD-final-exam/EASV-2nd-SSD-final-exam/financial-advisor-nest-js/src/application/transactions/dto/update-transaction.dto.ts","statementMap":{"0":{"start":{"line":1,"column":0},"end":{"line":1,"column":54}},"1":{"start":{"line":2,"column":0},"end":{"line":2,"column":73}},"2":{"start":{"line":4,"column":0},"end":{"line":4,"column":13}},"3":{"start":{"line":6,"column":2},"end":{"line":6,"column":null}},"4":{"start":{"line":9,"column":2},"end":{"line":9,"column":null}},"5":{"start":{"line":12,"column":2},"end":{"line":12,"column":null}},"6":{"start":{"line":15,"column":2},"end":{"line":15,"column":null}}},"fnMap":{},"branchMap":{},"s":{"0":1,"1":1,"2":1,"3":1,"4":1,"5":1,"6":1},"f":{},"b":{}}
,"/home/runner/work/EASV-2nd-SSD-final-exam/EASV-2nd-SSD-final-exam/financial-advisor-nest-js/src/core/core.module.ts": {"path":"/home/runner/work/EASV-2nd-SSD-final-exam/EASV-2nd-SSD-final-exam/financial-advisor-nest-js/src/core/core.module.ts","statementMap":{"0":{"start":{"line":1,"column":0},"end":{"line":1,"column":40}},"1":{"start":{"line":17,"column":7},"end":{"line":17,"column":null}},"2":{"start":{"line":17,"column":13},"end":{"line":17,"column":23}},"3":{"start":{"line":17,"column":13},"end":{"line":17,"column":null}}},"fnMap":{},"branchMap":{},"s":{"0":0,"1":0,"2":0,"3":0},"f":{},"b":{}}
,"/home/runner/work/EASV-2nd-SSD-final-exam/EASV-2nd-SSD-final-exam/financial-advisor-nest-js/src/core/index.ts": {"path":"/home/runner/work/EASV-2nd-SSD-final-exam/EASV-2nd-SSD-final-exam/financial-advisor-nest-js/src/core/index.ts","statementMap":{"0":{"start":{"line":7,"column":0},"end":{"line":7,"column":57}},"1":{"start":{"line":8,"column":0},"end":{"line":8,"column":43}},"2":{"start":{"line":11,"column":0},"end":{"line":11,"column":62}},"3":{"start":{"line":12,"column":0},"end":{"line":12,"column":64}},"4":{"start":{"line":15,"column":0},"end":{"line":15,"column":30}}},"fnMap":{},"branchMap":{},"s":{"0":0,"1":0,"2":0,"3":0,"4":0},"f":{},"b":{}}
,"/home/runner/work/EASV-2nd-SSD-final-exam/EASV-2nd-SSD-final-exam/financial-advisor-nest-js/src/core/domain/transaction.model.ts": {"path":"/home/runner/work/EASV-2nd-SSD-final-exam/EASV-2nd-SSD-final-exam/financial-advisor-nest-js/src/core/domain/transaction.model.ts","statementMap":{"0":{"start":{"line":1,"column":0},"end":{"line":1,"column":null}},"1":{"start":{"line":2,"column":2},"end":{"line":2,"column":null}},"2":{"start":{"line":3,"column":2},"end":{"line":3,"column":null}}},"fnMap":{"0":{"name":"(anonymous_0)","decl":{"start":{"line":1,"column":0},"end":{"line":1,"column":12}},"loc":{"start":{"line":1,"column":27},"end":{"line":4,"column":1}}}},"branchMap":{"0":{"loc":{"start":{"line":1,"column":12},"end":{"line":1,"column":null}},"type":"binary-expr","locations":[{"start":{"line":1,"column":12},"end":{"line":1,"column":27}},{"start":{"line":1,"column":27},"end":{"line":1,"column":null}}]}},"s":{"0":2,"1":2,"2":2},"f":{"0":2},"b":{"0":[2,2]}}
,"/home/runner/work/EASV-2nd-SSD-final-exam/EASV-2nd-SSD-final-exam/financial-advisor-nest-js/src/infrastructure/infrastructure.module.ts": {"path":"/home/runner/work/EASV-2nd-SSD-final-exam/EASV-2nd-SSD-final-exam/financial-advisor-nest-js/src/infrastructure/infrastructure.module.ts","statementMap":{"0":{"start":{"line":1,"column":0},"end":{"line":1,"column":40}},"1":{"start":{"line":2,"column":0},"end":{"line":2,"column":37}},"2":{"start":{"line":3,"column":0},"end":{"line":3,"column":96}},"3":{"start":{"line":34,"column":7},"end":{"line":34,"column":null}},"4":{"start":{"line":34,"column":13},"end":{"line":34,"column":33}},"5":{"start":{"line":34,"column":13},"end":{"line":34,"column":null}}},"fnMap":{},"branchMap":{},"s":{"0":0,"1":0,"2":0,"3":0,"4":0,"5":0},"f":{},"b":{}}
,"/home/runner/work/EASV-2nd-SSD-final-exam/EASV-2nd-SSD-final-exam/financial-advisor-nest-js/src/infrastructure/repositories/in-memory-transaction.repository.ts": {"path":"/home/runner/work/EASV-2nd-SSD-final-exam/EASV-2nd-SSD-final-exam/financial-advisor-nest-js/src/infrastructure/repositories/in-memory-transaction.repository.ts","statementMap":{"0":{"start":{"line":1,"column":0},"end":{"line":1,"column":44}},"1":{"start":{"line":5,"column":0},"end":{"line":5,"column":null}},"2":{"start":{"line":15,"column":7},"end":{"line":90,"column":null}},"3":{"start":{"line":18,"column":40},"end":{"line":40,"column":4}},"4":{"start":{"line":44,"column":4},"end":{"line":44,"column":47}},"5":{"start":{"line":48,"column":4},"end":{"line":48,"column":52}},"6":{"start":{"line":48,"column":41},"end":{"line":48,"column":49}},"7":{"start":{"line":52,"column":24},"end":{"line":52,"column":66}},"8":{"start":{"line":52,"column":54},"end":{"line":52,"column":65}},"9":{"start":{"line":53,"column":4},"end":{"line":53,"column":51}},"10":{"start":{"line":60,"column":18},"end":{"line":60,"column":65}},"11":{"start":{"line":60,"column":53},"end":{"line":60,"column":64}},"12":{"start":{"line":61,"column":4},"end":{"line":61,"column":34}},"13":{"start":{"line":61,"column":22},"end":{"line":61,"column":34}},"14":{"start":{"line":63,"column":4},"end":{"line":66,"column":6}},"15":{"start":{"line":67,"column":4},"end":{"line":67,"column":43}},"16":{"start":{"line":71,"column":18},"end":{"line":71,"column":65}},"17":{"start":{"line":71,"column":53},"end":{"line":71,"column":64}},"18":{"start":{"line":72,"column":4},"end":{"line":72,"column":35}},"19":{"start":{"line":72,"column":22},"end":{"line":72,"column":35}},"20":{"start":{"line":74,"column":4},"end":{"line":74,"column":39}},"21":{"start":{"line":75,"column":4},"end":{"line":75,"column":16}},"22":{"start":{"line":83,"column":4},"end":{"line":88,"column":30}},"23":{"start":{"line":86,"column":10},"end":{"line":86,"column":70}},"24":{"start":{"line":88,"column":19},"end":{"line":88,"column":27}},"25":{"start":{"line":15,"column":13},"end":{"line":15,"column":42}},"26":{"start":{"line":15,"column":13},"end":{"line":90,"column":null}}},"fnMap":{"0":{"name":"(anonymous_1)","decl":{"start":{"line":43,"column":2},"end":{"line":43,"column":7}},"loc":{"start":{"line":43,"column":37},"end":{"line":45,"column":3}}},"1":{"name":"(anonymous_2)","decl":{"start":{"line":47,"column":2},"end":{"line":47,"column":7}},"loc":{"start":{"line":47,"column":15},"end":{"line":49,"column":3}}},"2":{"name":"(anonymous_3)","decl":{"start":{"line":48,"column":33},"end":{"line":48,"column":34}},"loc":{"start":{"line":48,"column":41},"end":{"line":48,"column":49}}},"3":{"name":"(anonymous_4)","decl":{"start":{"line":51,"column":2},"end":{"line":51,"column":7}},"loc":{"start":{"line":51,"column":27},"end":{"line":54,"column":3}}},"4":{"name":"(anonymous_5)","decl":{"start":{"line":52,"column":47},"end":{"line":52,"column":48}},"loc":{"start":{"line":52,"column":54},"end":{"line":52,"column":65}}},"5":{"name":"(anonymous_6)","decl":{"start":{"line":56,"column":2},"end":{"line":56,"column":7}},"loc":{"start":{"line":58,"column":43},"end":{"line":68,"column":3}}},"6":{"name":"(anonymous_7)","decl":{"start":{"line":60,"column":46},"end":{"line":60,"column":47}},"loc":{"start":{"line":60,"column":53},"end":{"line":60,"column":64}}},"7":{"name":"(anonymous_8)","decl":{"start":{"line":70,"column":2},"end":{"line":70,"column":7}},"loc":{"start":{"line":70,"column":25},"end":{"line":76,"column":3}}},"8":{"name":"(anonymous_9)","decl":{"start":{"line":71,"column":46},"end":{"line":71,"column":47}},"loc":{"start":{"line":71,"column":53},"end":{"line":71,"column":64}}},"9":{"name":"(anonymous_10)","decl":{"start":{"line":79,"column":2},"end":{"line":79,"column":7}},"loc":{"start":{"line":81,"column":17},"end":{"line":89,"column":3}}},"10":{"name":"(anonymous_11)","decl":{"start":{"line":85,"column":8},"end":{"line":85,"column":9}},"loc":{"start":{"line":86,"column":10},"end":{"line":86,"column":70}}},"11":{"name":"(anonymous_12)","decl":{"start":{"line":88,"column":11},"end":{"line":88,"column":12}},"loc":{"start":{"line":88,"column":19},"end":{"line":88,"column":27}}}},"branchMap":{"0":{"loc":{"start":{"line":53,"column":11},"end":{"line":53,"column":50}},"type":"cond-expr","locations":[{"start":{"line":53,"column":25},"end":{"line":53,"column":43}},{"start":{"line":53,"column":46},"end":{"line":53,"column":50}}]},"1":{"loc":{"start":{"line":61,"column":4},"end":{"line":61,"column":34}},"type":"if","locations":[{"start":{"line":61,"column":4},"end":{"line":61,"column":34}}]},"2":{"loc":{"start":{"line":72,"column":4},"end":{"line":72,"column":35}},"type":"if","locations":[{"start":{"line":72,"column":4},"end":{"line":72,"column":35}}]},"3":{"loc":{"start":{"line":86,"column":10},"end":{"line":86,"column":70}},"type":"binary-expr","locations":[{"start":{"line":86,"column":10},"end":{"line":86,"column":39}},{"start":{"line":86,"column":43},"end":{"line":86,"column":70}}]}},"s":{"0":0,"1":0,"2":0,"3":0,"4":0,"5":0,"6":0,"7":0,"8":0,"9":0,"10":0,"11":0,"12":0,"13":0,"14":0,"15":0,"16":0,"17":0,"18":0,"19":0,"20":0,"21":0,"22":0,"23":0,"24":0,"25":0,"26":0},"f":{"0":0,"1":0,"2":0,"3":0,"4":0,"5":0,"6":0,"7":0,"8":0,"9":0,"10":0,"11":0},"b":{"0":[0,0],"1":[0],"2":[0],"3":[0,0]}}
}
