TN:
SF:src/app.controller.ts
FN:8,(anonymous_2)
FN:20,(anonymous_3)
FNF:2
FNH:2
FNDA:1,(anonymous_2)
FNDA:1,(anonymous_3)
DA:1,1
DA:2,1
DA:3,1
DA:7,1
DA:8,1
DA:20,1
DA:21,1
LF:7
LH:7
BRF:0
BRH:0
end_of_record
TN:
SF:src/app.module.ts
FNF:0
FNH:0
DA:1,0
DA:2,0
DA:3,0
DA:4,0
DA:5,0
DA:6,0
DA:35,0
LF:7
LH:0
BRF:0
BRH:0
end_of_record
TN:
SF:src/app.service.ts
FN:5,(anonymous_1)
FNF:1
FNH:1
FNDA:1,(anonymous_1)
DA:1,1
DA:4,1
DA:6,1
LF:3
LH:3
BRF:0
BRH:0
end_of_record
TN:
SF:src/main.ts
FN:5,bootstrap
FNF:1
FNH:0
FNDA:0,bootstrap
DA:1,0
DA:2,0
DA:3,0
DA:6,0
DA:9,0
DA:19,0
DA:20,0
DA:22,0
DA:24,0
LF:9
LH:0
BRDA:22,0,0,0
BRDA:22,0,1,0
BRF:2
BRH:0
end_of_record
TN:
SF:src/application/summation/summation.controller.ts
FN:11,(anonymous_4)
FN:50,(anonymous_5)
FN:100,(anonymous_6)
FN:150,(anonymous_7)
FNF:4
FNH:0
FNDA:0,(anonymous_4)
FNDA:0,(anonymous_5)
FNDA:0,(anonymous_6)
FNDA:0,(anonymous_7)
DA:1,0
DA:2,0
DA:3,0
DA:4,0
DA:5,0
DA:6,0
DA:10,0
DA:11,0
DA:50,0
DA:56,0
DA:100,0
DA:106,0
DA:150,0
DA:156,0
LF:14
LH:0
BRDA:59,0,0,0
BRDA:59,0,1,0
BRDA:60,1,0,0
BRDA:60,1,1,0
BRDA:109,2,0,0
BRDA:109,2,1,0
BRDA:110,3,0,0
BRDA:110,3,1,0
BRDA:159,4,0,0
BRDA:159,4,1,0
BRDA:160,5,0,0
BRDA:160,5,1,0
BRF:12
BRH:0
end_of_record
TN:
SF:src/application/summation/summation.module.ts
FNF:0
FNH:0
DA:1,0
DA:2,0
DA:3,0
DA:4,0
DA:24,0
LF:5
LH:0
BRF:0
BRH:0
end_of_record
TN:
SF:src/application/summation/summation.service.ts
FN:10,(anonymous_4)
FN:18,(anonymous_5)
FN:34,(anonymous_6)
FN:44,(anonymous_7)
FN:53,(anonymous_8)
FN:63,(anonymous_9)
FN:72,(anonymous_10)
FN:78,(anonymous_11)
FN:86,(anonymous_12)
FN:87,(anonymous_13)
FN:90,(anonymous_14)
FN:92,(anonymous_15)
FN:93,(anonymous_16)
FN:101,(anonymous_17)
FN:129,(anonymous_18)
FN:142,(anonymous_19)
FN:159,(anonymous_20)
FNF:17
FNH:11
FNDA:57,(anonymous_4)
FNDA:3,(anonymous_5)
FNDA:0,(anonymous_6)
FNDA:0,(anonymous_7)
FNDA:0,(anonymous_8)
FNDA:0,(anonymous_9)
FNDA:3,(anonymous_10)
FNDA:8,(anonymous_11)
FNDA:4,(anonymous_12)
FNDA:8,(anonymous_13)
FNDA:8,(anonymous_14)
FNDA:8,(anonymous_15)
FNDA:8,(anonymous_16)
FNDA:8,(anonymous_17)
FNDA:0,(anonymous_18)
FNDA:3,(anonymous_19)
FNDA:0,(anonymous_20)
DA:1,1
DA:5,1
DA:6,1
DA:9,1
DA:12,57
DA:21,3
DA:22,3
DA:27,3
DA:28,3
DA:37,0
DA:38,0
DA:43,0
DA:44,0
DA:46,0
DA:47,0
DA:56,0
DA:57,0
DA:62,0
DA:63,0
DA:65,0
DA:66,0
DA:76,3
DA:78,3
DA:79,8
DA:80,8
DA:81,4
DA:83,8
DA:86,3
DA:87,8
DA:88,4
DA:90,8
DA:92,8
DA:93,8
DA:102,8
DA:103,8
DA:104,8
DA:106,8
DA:108,0
DA:111,0
DA:112,0
DA:116,8
DA:119,0
DA:122,0
DA:130,0
DA:133,0
DA:134,0
DA:135,0
DA:136,0
DA:146,3
DA:147,0
DA:150,3
DA:163,0
DA:164,0
DA:165,0
DA:175,0
DA:177,0
DA:184,0
DA:185,0
DA:186,0
DA:187,0
DA:188,0
DA:195,0
DA:196,0
DA:197,0
DA:200,0
DA:207,0
DA:208,0
DA:209,0
DA:210,0
DA:211,0
DA:212,0
DA:213,0
DA:220,0
DA:221,0
DA:228,0
DA:233,0
DA:238,0
DA:239,0
DA:246,0
DA:247,0
DA:254,0
DA:255,0
DA:256,0
DA:257,0
DA:264,0
LF:85
LH:28
BRDA:27,0,0,3
BRDA:27,0,1,3
BRDA:46,1,0,0
BRDA:46,1,1,0
BRDA:65,2,0,0
BRDA:65,2,1,0
BRDA:80,3,0,4
BRDA:106,4,0,0
BRDA:106,4,1,0
BRDA:106,4,2,8
BRDA:106,4,3,0
BRDA:106,4,4,0
BRDA:133,5,0,0
BRDA:133,5,1,0
BRDA:146,6,0,0
BRDA:151,7,0,3
BRDA:151,7,1,3
BRDA:152,8,0,3
BRDA:152,8,1,3
BRDA:175,9,0,0
BRDA:175,9,1,0
BRDA:175,9,2,0
BRDA:175,9,3,0
BRDA:175,9,4,0
BRDA:175,9,5,0
BRDA:175,9,6,0
BRDA:175,9,7,0
BRDA:175,9,8,0
BRDA:198,10,0,0
BRDA:198,10,1,0
BRF:30
BRH:8
end_of_record
TN:
SF:src/application/summation/dto/summation-query.dto.ts
FNF:0
FNH:0
DA:1,0
DA:2,0
DA:3,0
DA:4,0
DA:6,0
DA:15,0
DA:26,0
DA:36,0
DA:46,0
LF:9
LH:0
BRF:0
BRH:0
end_of_record
TN:
SF:src/application/summation/dto/summation-result.dto.ts
FNF:0
FNH:0
DA:1,0
LF:1
LH:0
BRF:0
BRH:0
end_of_record
TN:
SF:src/application/summation/enums/group-by.enum.ts
FN:1,(anonymous_0)
FNF:1
FNH:1
FNDA:1,(anonymous_0)
DA:1,1
DA:2,1
DA:3,1
DA:4,1
DA:5,1
LF:5
LH:5
BRDA:1,0,0,1
BRDA:1,0,1,1
BRF:2
BRH:2
end_of_record
TN:
SF:src/application/summation/enums/period.enum.ts
FN:1,(anonymous_0)
FNF:1
FNH:1
FNDA:1,(anonymous_0)
DA:1,1
DA:2,1
DA:3,1
DA:4,1
DA:5,1
DA:6,1
DA:7,1
DA:8,1
DA:9,1
LF:9
LH:9
BRDA:1,0,0,1
BRDA:1,0,1,1
BRF:2
BRH:2
end_of_record
TN:
SF:src/application/transactions/transactions.controller.ts
FN:22,(anonymous_4)
FN:31,(anonymous_5)
FN:57,(anonymous_6)
FN:59,(anonymous_7)
FN:72,(anonymous_8)
FN:90,(anonymous_9)
FN:112,(anonymous_10)
FNF:7
FNH:7
FNDA:19,(anonymous_4)
FNDA:6,(anonymous_5)
FNDA:3,(anonymous_6)
FNDA:2,(anonymous_7)
FNDA:3,(anonymous_8)
FNDA:4,(anonymous_9)
FNDA:3,(anonymous_10)
DA:1,1
DA:11,1
DA:12,1
DA:13,1
DA:14,1
DA:15,1
DA:16,1
DA:21,1
DA:22,19
DA:31,1
DA:34,6
DA:42,6
DA:44,5
DA:57,1
DA:58,3
DA:59,2
DA:72,1
DA:73,3
DA:74,2
DA:75,1
DA:77,1
DA:90,1
DA:94,4
DA:99,4
DA:100,3
DA:101,1
DA:103,2
DA:112,1
DA:113,3
DA:114,2
DA:115,1
LF:31
LH:31
BRDA:74,0,0,1
BRDA:96,1,0,1
BRDA:96,1,1,3
BRDA:100,2,0,1
BRDA:114,3,0,1
BRF:5
BRH:5
end_of_record
TN:
SF:src/application/transactions/transactions.module.ts
FNF:0
FNH:0
DA:1,0
DA:2,0
DA:3,0
DA:4,0
DA:21,0
LF:5
LH:0
BRF:0
BRH:0
end_of_record
TN:
SF:src/application/transactions/transactions.service.ts
FN:7,(anonymous_4)
FN:12,(anonymous_5)
FN:16,(anonymous_6)
FN:20,(anonymous_7)
FN:24,(anonymous_8)
FN:31,(anonymous_9)
FNF:6
FNH:6
FNDA:15,(anonymous_4)
FNDA:2,(anonymous_5)
FNDA:3,(anonymous_6)
FNDA:4,(anonymous_7)
FNDA:3,(anonymous_8)
FNDA:3,(anonymous_9)
DA:1,2
DA:6,2
DA:9,15
DA:13,2
DA:17,3
DA:21,4
DA:28,3
DA:32,3
LF:8
LH:8
BRF:0
BRH:0
end_of_record
TN:
SF:src/application/transactions/dto/create-transaction.dto.ts
FNF:0
FNH:0
DA:1,1
DA:2,1
DA:4,1
DA:6,1
DA:9,1
DA:12,1
DA:15,1
LF:7
LH:7
BRF:0
BRH:0
end_of_record
TN:
SF:src/application/transactions/dto/transaction-result.dto.ts
FNF:0
FNH:0
DA:3,1
LF:1
LH:1
BRF:0
BRH:0
end_of_record
TN:
SF:src/application/transactions/dto/update-transaction.dto.ts
FNF:0
FNH:0
DA:1,1
DA:2,1
DA:4,1
DA:6,1
DA:9,1
DA:12,1
DA:15,1
LF:7
LH:7
BRF:0
BRH:0
end_of_record
TN:
SF:src/core/core.module.ts
FNF:0
FNH:0
DA:1,0
DA:17,0
LF:2
LH:0
BRF:0
BRH:0
end_of_record
TN:
SF:src/core/index.ts
FNF:0
FNH:0
DA:7,0
DA:8,0
DA:11,0
DA:12,0
DA:15,0
LF:5
LH:0
BRF:0
BRH:0
end_of_record
TN:
SF:src/core/domain/transaction.model.ts
FN:1,(anonymous_0)
FNF:1
FNH:1
FNDA:2,(anonymous_0)
DA:1,2
DA:2,2
DA:3,2
LF:3
LH:3
BRDA:1,0,0,2
BRDA:1,0,1,2
BRF:2
BRH:2
end_of_record
TN:
SF:src/infrastructure/infrastructure.module.ts
FNF:0
FNH:0
DA:1,0
DA:2,0
DA:3,0
DA:34,0
LF:4
LH:0
BRF:0
BRH:0
end_of_record
TN:
SF:src/infrastructure/repositories/in-memory-transaction.repository.ts
FN:43,(anonymous_1)
FN:47,(anonymous_2)
FN:48,(anonymous_3)
FN:51,(anonymous_4)
FN:52,(anonymous_5)
FN:56,(anonymous_6)
FN:60,(anonymous_7)
FN:70,(anonymous_8)
FN:71,(anonymous_9)
FN:79,(anonymous_10)
FN:85,(anonymous_11)
FN:88,(anonymous_12)
FNF:12
FNH:0
FNDA:0,(anonymous_1)
FNDA:0,(anonymous_2)
FNDA:0,(anonymous_3)
FNDA:0,(anonymous_4)
FNDA:0,(anonymous_5)
FNDA:0,(anonymous_6)
FNDA:0,(anonymous_7)
FNDA:0,(anonymous_8)
FNDA:0,(anonymous_9)
FNDA:0,(anonymous_10)
FNDA:0,(anonymous_11)
FNDA:0,(anonymous_12)
DA:1,0
DA:5,0
DA:15,0
DA:18,0
DA:44,0
DA:48,0
DA:52,0
DA:53,0
DA:60,0
DA:61,0
DA:63,0
DA:67,0
DA:71,0
DA:72,0
DA:74,0
DA:75,0
DA:83,0
DA:86,0
DA:88,0
LF:19
LH:0
BRDA:53,0,0,0
BRDA:53,0,1,0
BRDA:61,1,0,0
BRDA:72,2,0,0
BRDA:86,3,0,0
BRDA:86,3,1,0
BRF:6
BRH:0
end_of_record
